<?xml version="1.0" encoding="UTF-8"?>
<!-- Generated by org.testng.reporters.JUnitXMLReporter -->
<testsuite hostname="DVTL8HM6GS1" ignored="1" name="Smoke testcases" tests="5" failures="0" timestamp="31 May 2019 08:43:22 GMT" time="0.07" errors="0">
  <testcase name="Software" time="0.01" classname="TestNGFiles2.Annot2"/>
  <testcase name="OpeningBrowser" time="0.005" classname="TestNGFiles2.Annotations"/>
  <testcase name="OpeningBrowser" time="0.005" classname="TestNGFiles2.DependancyAttributes"/>
  <testcase name="TimeRelated" time="0.01" classname="TestNGFiles2.DependancyAttributes"/>
  <testcase name="FlightBooking" time="0.0" classname="TestNGFiles2.DependancyAttributes"/>
  <testcase name="Payment" time="0.0" classname="TestNGFiles2.DependancyAttributes">
    <ignored/>
  </testcase> <!-- Payment -->
</testsuite> <!-- Smoke testcases -->
