<?xml version="1.0" encoding="UTF-8"?>
<testng-results skipped="0" failed="0" ignored="1" total="6" passed="5">
  <reporter-output>
  </reporter-output>
  <suite name="Automation test" duration-ms="70" started-at="2019-05-31T08:43:22Z" finished-at="2019-05-31T08:43:22Z">
    <groups>
    </groups>
    <test name="Smoke testcases" duration-ms="70" started-at="2019-05-31T08:43:22Z" finished-at="2019-05-31T08:43:22Z">
      <class name="TestNGFiles2.Annotations">
        <test-method status="PASS" signature="cookies()[pri:0, instance:TestNGFiles2.Annotations@59fa1d9b]" name="cookies" is-config="true" duration-ms="5" started-at="2019-05-31T08:43:22Z" finished-at="2019-05-31T08:43:22Z">
          <reporter-output>
          </reporter-output>
        </test-method> <!-- cookies -->
        <test-method status="PASS" signature="UserIdGeneration()[pri:0, instance:TestNGFiles2.Annotations@59fa1d9b]" name="UserIdGeneration" is-config="true" duration-ms="0" started-at="2019-05-31T08:43:22Z" finished-at="2019-05-31T08:43:22Z">
          <reporter-output>
          </reporter-output>
        </test-method> <!-- UserIdGeneration -->
        <test-method status="PASS" signature="OpeningBrowser()[pri:0, instance:TestNGFiles2.Annotations@59fa1d9b]" name="OpeningBrowser" duration-ms="5" started-at="2019-05-31T08:43:22Z" finished-at="2019-05-31T08:43:22Z">
          <reporter-output>
          </reporter-output>
        </test-method> <!-- OpeningBrowser -->
        <test-method status="PASS" signature="ReportEnding()[pri:0, instance:TestNGFiles2.Annotations@59fa1d9b]" name="ReportEnding" is-config="true" duration-ms="0" started-at="2019-05-31T08:43:22Z" finished-at="2019-05-31T08:43:22Z">
          <reporter-output>
          </reporter-output>
        </test-method> <!-- ReportEnding -->
        <test-method status="PASS" signature="CookiesClose()[pri:0, instance:TestNGFiles2.Annotations@59fa1d9b]" name="CookiesClose" is-config="true" duration-ms="0" started-at="2019-05-31T08:43:22Z" finished-at="2019-05-31T08:43:22Z">
          <reporter-output>
          </reporter-output>
        </test-method> <!-- CookiesClose -->
      </class> <!-- TestNGFiles2.Annotations -->
      <class name="TestNGFiles2.Annot2">
        <test-method status="PASS" signature="installSoftware()[pri:0, instance:TestNGFiles2.Annot2@d8355a8]" name="installSoftware" is-config="true" duration-ms="15" started-at="2019-05-31T08:43:22Z" finished-at="2019-05-31T08:43:22Z">
          <reporter-output>
          </reporter-output>
        </test-method> <!-- installSoftware -->
        <test-method status="PASS" signature="Software()[pri:0, instance:TestNGFiles2.Annot2@d8355a8]" name="Software" duration-ms="10" started-at="2019-05-31T08:43:22Z" finished-at="2019-05-31T08:43:22Z">
          <reporter-output>
          </reporter-output>
        </test-method> <!-- Software -->
        <test-method status="PASS" signature="deinstallSoftware()[pri:0, instance:TestNGFiles2.Annot2@d8355a8]" name="deinstallSoftware" is-config="true" duration-ms="0" started-at="2019-05-31T08:43:22Z" finished-at="2019-05-31T08:43:22Z">
          <reporter-output>
          </reporter-output>
        </test-method> <!-- deinstallSoftware -->
      </class> <!-- TestNGFiles2.Annot2 -->
      <class name="TestNGFiles2.DependancyAttributes">
        <test-method status="PASS" signature="OpeningBrowser()[pri:0, instance:TestNGFiles2.DependancyAttributes@28d25987]" name="OpeningBrowser" duration-ms="5" started-at="2019-05-31T08:43:22Z" finished-at="2019-05-31T08:43:22Z">
          <reporter-output>
          </reporter-output>
        </test-method> <!-- OpeningBrowser -->
        <test-method status="PASS" signature="TimeRelated()[pri:0, instance:TestNGFiles2.DependancyAttributes@28d25987]" name="TimeRelated" duration-ms="10" started-at="2019-05-31T08:43:22Z" finished-at="2019-05-31T08:43:22Z">
          <reporter-output>
          </reporter-output>
        </test-method> <!-- TimeRelated -->
        <test-method status="PASS" signature="FlightBooking()[pri:0, instance:TestNGFiles2.DependancyAttributes@28d25987]" name="FlightBooking" duration-ms="0" started-at="2019-05-31T08:43:22Z" depends-on-methods="TestNGFiles2.DependancyAttributes.OpeningBrowser" finished-at="2019-05-31T08:43:22Z">
          <reporter-output>
          </reporter-output>
        </test-method> <!-- FlightBooking -->
      </class> <!-- TestNGFiles2.DependancyAttributes -->
    </test> <!-- Smoke testcases -->
  </suite> <!-- Automation test -->
</testng-results>
